<?xml version="1.0" encoding="UTF-8"?>
<!-- Generated by org.testng.reporters.JUnitXMLReporter -->
<testsuite ignored="0" hostname="anirudh-vivobook" failures="0" tests="3" name="Test" time="7.284" errors="0" timestamp="2024-04-29T15:51:08 IST">
  <testcase classname="tests.DataDrivenTestingUsingJsonFile" name="DataDrivenTestingUsingJson" time="4.542"/>
  <testcase classname="tests.DataDrivenTestingUsingJsonFile" name="DataDrivenTestingUsingJson" time="1.22"/>
  <testcase classname="tests.DataDrivenTestingUsingJsonFile" name="DataDrivenTestingUsingJson" time="1.24"/>
</testsuite> <!-- Test -->
