<?xml version="1.0" encoding="UTF-8"?>
<!-- Generated by org.testng.reporters.JUnitXMLReporter -->
<testsuite ignored="0" hostname="anirudh-vivobook" failures="0" tests="3" name="Test" time="9.146" errors="0" timestamp="2024-04-30T15:26:50 IST">
  <testcase classname="tests.DataDrivenTestingUsingCSVFile" name="DataDrivenTesting" time="6.206"/>
  <testcase classname="tests.DataDrivenTestingUsingCSVFile" name="DataDrivenTesting" time="1.313"/>
  <testcase classname="tests.DataDrivenTestingUsingCSVFile" name="DataDrivenTesting" time="1.253"/>
</testsuite> <!-- Test -->
