<?xml version="1.0" encoding="UTF-8"?>
<testng-results ignored="0" total="2" passed="2" failed="0" skipped="0">
  <reporter-output>
  </reporter-output>
  <suite started-at="2024-05-01T12:02:17 IST" name="Data Driven Testing Using Excel" finished-at="2024-05-01T12:02:24 IST" duration-ms="7114">
    <groups>
    </groups>
    <test started-at="2024-05-01T12:02:17 IST" name="Test" finished-at="2024-05-01T12:02:24 IST" duration-ms="7114">
      <class name="tests.DataDrivenTestingUsingExcelFile">
        <test-method signature="DataDrivenTesting(java.util.Map)[pri:0, instance:tests.DataDrivenTestingUsingExcelFile@5241cf67]" started-at="2024-05-01T12:02:18 IST" name="DataDrivenTesting" data-provider="ExcelTestData" finished-at="2024-05-01T12:02:23 IST" duration-ms="4496" status="PASS">
          <params>
            <param index="0">
              <value>
                <![CDATA[{additional=breakfast, checkin=2023-03-03, checkout=2023-04-05, depositpaid=true, FirstName=api testing by, LastName=anirudh, Run=Yes, TotalPrice=1000}]]>
              </value>
            </param>
          </params>
          <reporter-output>
          </reporter-output>
        </test-method> <!-- DataDrivenTesting -->
        <test-method signature="DataDrivenTesting(java.util.Map)[pri:0, instance:tests.DataDrivenTestingUsingExcelFile@5241cf67]" started-at="2024-05-01T12:02:23 IST" name="DataDrivenTesting" data-provider="ExcelTestData" finished-at="2024-05-01T12:02:24 IST" duration-ms="1471" status="PASS">
          <params>
            <param index="0">
              <value>
                <![CDATA[{additional=lunch, checkin=2023-03-04, checkout=2023-04-06, depositpaid=true, FirstName=rest assured  by, LastName=anirudh, Run=Yes, TotalPrice=1001}]]>
              </value>
            </param>
          </params>
          <reporter-output>
          </reporter-output>
        </test-method> <!-- DataDrivenTesting -->
      </class> <!-- tests.DataDrivenTestingUsingExcelFile -->
    </test> <!-- Test -->
  </suite> <!-- Data Driven Testing Using Excel -->
</testng-results>
